<?xml version="1.0" encoding="UTF-8"?>
<testsuite xmlns:xsi="http://www.w3.org/2001/XMLSchema-instance" xsi:noNamespaceSchemaLocation="https://maven.apache.org/surefire/maven-surefire-plugin/xsd/surefire-test-report.xsd" version="3.0.2" name="TestSuite" time="3.766" tests="4" errors="0" skipped="0" failures="0">
  <properties>
    <property name="java.specification.version" value="15"/>
    <property name="sun.jnu.encoding" value="UTF-8"/>
    <property name="sun.awt.enableExtraMouseButtons" value="true"/>
    <property name="java.class.path" value="/Users/00131018amirulhakim/git/BDD-Framework/target/test-classes:/Users/00131018amirulhakim/git/BDD-Framework/target/classes:/Users/00131018amirulhakim/.m2/repository/io/cucumber/cucumber-java/7.21.1/cucumber-java-7.21.1.jar:/Users/00131018amirulhakim/.m2/repository/org/apiguardian/apiguardian-api/1.1.2/apiguardian-api-1.1.2.jar:/Users/00131018amirulhakim/.m2/repository/io/cucumber/cucumber-junit/7.21.1/cucumber-junit-7.21.1.jar:/Users/00131018amirulhakim/.m2/repository/io/cucumber/cucumber-core/7.21.1/cucumber-core-7.21.1.jar:/Users/00131018amirulhakim/.m2/repository/io/cucumber/cucumber-gherkin-messages/7.21.1/cucumber-gherkin-messages-7.21.1.jar:/Users/00131018amirulhakim/.m2/repository/io/cucumber/messages/27.2.0/messages-27.2.0.jar:/Users/00131018amirulhakim/.m2/repository/io/cucumber/testng-xml-formatter/0.3.1/testng-xml-formatter-0.3.1.jar:/Users/00131018amirulhakim/.m2/repository/io/cucumber/query/13.2.0/query-13.2.0.jar:/Users/00131018amirulhakim/.m2/repository/io/cucumber/tag-expressions/6.1.2/tag-expressions-6.1.2.jar:/Users/00131018amirulhakim/.m2/repository/io/cucumber/cucumber-expressions/18.0.1/cucumber-expressions-18.0.1.jar:/Users/00131018amirulhakim/.m2/repository/io/cucumber/datatable/7.21.1/datatable-7.21.1.jar:/Users/00131018amirulhakim/.m2/repository/io/cucumber/docstring/7.21.1/docstring-7.21.1.jar:/Users/00131018amirulhakim/.m2/repository/io/cucumber/html-formatter/21.9.0/html-formatter-21.9.0.jar:/Users/00131018amirulhakim/.m2/repository/io/cucumber/junit-xml-formatter/0.7.1/junit-xml-formatter-0.7.1.jar:/Users/00131018amirulhakim/.m2/repository/io/cucumber/ci-environment/10.0.1/ci-environment-10.0.1.jar:/Users/00131018amirulhakim/.m2/repository/io/cucumber/cucumber-picocontainer/7.21.1/cucumber-picocontainer-7.21.1.jar:/Users/00131018amirulhakim/.m2/repository/org/picocontainer/picocontainer/2.15/picocontainer-2.15.jar:/Users/00131018amirulhakim/.m2/repository/io/cucumber/gherkin/31.0.0/gherkin-31.0.0.jar:/Users/00131018amirulhakim/.m2/repository/io/cucumber/cucumber-java8/7.21.1/cucumber-java8-7.21.1.jar:/Users/00131018amirulhakim/.m2/repository/net/jodah/typetools/0.6.3/typetools-0.6.3.jar:/Users/00131018amirulhakim/.m2/repository/io/cucumber/cucumber-testng/7.21.1/cucumber-testng-7.21.1.jar:/Users/00131018amirulhakim/.m2/repository/io/cucumber/cucumber-gherkin/7.21.1/cucumber-gherkin-7.21.1.jar:/Users/00131018amirulhakim/.m2/repository/io/cucumber/cucumber-plugin/7.21.1/cucumber-plugin-7.21.1.jar:/Users/00131018amirulhakim/.m2/repository/junit/junit/4.13.2/junit-4.13.2.jar:/Users/00131018amirulhakim/.m2/repository/org/hamcrest/hamcrest-core/1.3/hamcrest-core-1.3.jar:/Users/00131018amirulhakim/.m2/repository/tech/grasshopper/extentreports-cucumber7-adapter/1.14.0/extentreports-cucumber7-adapter-1.14.0.jar:/Users/00131018amirulhakim/.m2/repository/tech/grasshopper/extent-pdf-report/2.12.0/extent-pdf-report-2.12.0.jar:/Users/00131018amirulhakim/.m2/repository/tech/grasshopper/cucumber-pdf-report/2.14.0/cucumber-pdf-report-2.14.0.jar:/Users/00131018amirulhakim/.m2/repository/org/apache/pdfbox/pdfbox/2.0.26/pdfbox-2.0.26.jar:/Users/00131018amirulhakim/.m2/repository/org/apache/pdfbox/fontbox/2.0.26/fontbox-2.0.26.jar:/Users/00131018amirulhakim/.m2/repository/org/knowm/xchart/xchart/3.8.0/xchart-3.8.0.jar:/Users/00131018amirulhakim/.m2/repository/de/erichseifert/vectorgraphics2d/VectorGraphics2D/0.13/VectorGraphics2D-0.13.jar:/Users/00131018amirulhakim/.m2/repository/de/rototor/pdfbox/graphics2d/0.30/graphics2d-0.30.jar:/Users/00131018amirulhakim/.m2/repository/com/madgag/animated-gif-lib/1.4/animated-gif-lib-1.4.jar:/Users/00131018amirulhakim/.m2/repository/org/yaml/snakeyaml/2.0/snakeyaml-2.0.jar:/Users/00131018amirulhakim/.m2/repository/tech/grasshopper/table-layout/1.5.1/table-layout-1.5.1.jar:/Users/00131018amirulhakim/.m2/repository/tech/grasshopper/rest-assured-cucumber-pdf-report/1.5.0/rest-assured-cucumber-pdf-report-1.5.0.jar:/Users/00131018amirulhakim/.m2/repository/org/jsoup/jsoup/1.15.3/jsoup-1.15.3.jar:/Users/00131018amirulhakim/.m2/repository/com/aventstack/klov-reporter/5.1.0/klov-reporter-5.1.0.jar:/Users/00131018amirulhakim/.m2/repository/org/mongodb/mongodb-driver/3.6.4/mongodb-driver-3.6.4.jar:/Users/00131018amirulhakim/.m2/repository/org/mongodb/mongodb-driver-core/3.6.4/mongodb-driver-core-3.6.4.jar:/Users/00131018amirulhakim/.m2/repository/org/mongodb/bson/3.6.4/bson-3.6.4.jar:/Users/00131018amirulhakim/.m2/repository/tech/grasshopper/htmlextentreporter/1.1.0/htmlextentreporter-1.1.0.jar:/Users/00131018amirulhakim/.m2/repository/tech/grasshopper/extent-excel-report/1.4.0/extent-excel-report-1.4.0.jar:/Users/00131018amirulhakim/.m2/repository/com/aventstack/extentreports/5.1.2/extentreports-5.1.2.jar:/Users/00131018amirulhakim/.m2/repository/io/reactivex/rxjava3/rxjava/3.1.6/rxjava-3.1.6.jar:/Users/00131018amirulhakim/.m2/repository/org/reactivestreams/reactive-streams/1.0.4/reactive-streams-1.0.4.jar:/Users/00131018amirulhakim/.m2/repository/org/freemarker/freemarker/2.3.32/freemarker-2.3.32.jar:/Users/00131018amirulhakim/.m2/repository/org/projectlombok/lombok/1.18.26/lombok-1.18.26.jar:/Users/00131018amirulhakim/.m2/repository/com/google/code/gson/gson/2.10.1/gson-2.10.1.jar:/Users/00131018amirulhakim/.m2/repository/org/apache/poi/poi-ooxml/5.4.0/poi-ooxml-5.4.0.jar:/Users/00131018amirulhakim/.m2/repository/org/apache/poi/poi/5.4.0/poi-5.4.0.jar:/Users/00131018amirulhakim/.m2/repository/commons-codec/commons-codec/1.17.1/commons-codec-1.17.1.jar:/Users/00131018amirulhakim/.m2/repository/org/apache/commons/commons-math3/3.6.1/commons-math3-3.6.1.jar:/Users/00131018amirulhakim/.m2/repository/com/zaxxer/SparseBitSet/1.3/SparseBitSet-1.3.jar:/Users/00131018amirulhakim/.m2/repository/org/apache/poi/poi-ooxml-lite/5.4.0/poi-ooxml-lite-5.4.0.jar:/Users/00131018amirulhakim/.m2/repository/org/apache/xmlbeans/xmlbeans/5.3.0/xmlbeans-5.3.0.jar:/Users/00131018amirulhakim/.m2/repository/org/apache/commons/commons-compress/1.27.1/commons-compress-1.27.1.jar:/Users/00131018amirulhakim/.m2/repository/commons-io/commons-io/2.18.0/commons-io-2.18.0.jar:/Users/00131018amirulhakim/.m2/repository/com/github/virtuald/curvesapi/1.08/curvesapi-1.08.jar:/Users/00131018amirulhakim/.m2/repository/org/apache/logging/log4j/log4j-api/2.24.3/log4j-api-2.24.3.jar:/Users/00131018amirulhakim/.m2/repository/org/apache/commons/commons-collections4/4.4/commons-collections4-4.4.jar:/Users/00131018amirulhakim/.m2/repository/org/seleniumhq/selenium/selenium-java/4.28.1/selenium-java-4.28.1.jar:/Users/00131018amirulhakim/.m2/repository/org/seleniumhq/selenium/selenium-api/4.28.1/selenium-api-4.28.1.jar:/Users/00131018amirulhakim/.m2/repository/org/jspecify/jspecify/1.0.0/jspecify-1.0.0.jar:/Users/00131018amirulhakim/.m2/repository/org/seleniumhq/selenium/selenium-devtools-v130/4.28.1/selenium-devtools-v130-4.28.1.jar:/Users/00131018amirulhakim/.m2/repository/org/seleniumhq/selenium/selenium-devtools-v131/4.28.1/selenium-devtools-v131-4.28.1.jar:/Users/00131018amirulhakim/.m2/repository/org/seleniumhq/selenium/selenium-devtools-v132/4.28.1/selenium-devtools-v132-4.28.1.jar:/Users/00131018amirulhakim/.m2/repository/org/seleniumhq/selenium/selenium-devtools-v85/4.28.1/selenium-devtools-v85-4.28.1.jar:/Users/00131018amirulhakim/.m2/repository/org/seleniumhq/selenium/selenium-edge-driver/4.28.1/selenium-edge-driver-4.28.1.jar:/Users/00131018amirulhakim/.m2/repository/org/seleniumhq/selenium/selenium-firefox-driver/4.28.1/selenium-firefox-driver-4.28.1.jar:/Users/00131018amirulhakim/.m2/repository/org/seleniumhq/selenium/selenium-http/4.28.1/selenium-http-4.28.1.jar:/Users/00131018amirulhakim/.m2/repository/org/seleniumhq/selenium/selenium-ie-driver/4.28.1/selenium-ie-driver-4.28.1.jar:/Users/00131018amirulhakim/.m2/repository/org/seleniumhq/selenium/selenium-remote-driver/4.28.1/selenium-remote-driver-4.28.1.jar:/Users/00131018amirulhakim/.m2/repository/com/google/guava/guava/33.4.0-jre/guava-33.4.0-jre.jar:/Users/00131018amirulhakim/.m2/repository/com/google/guava/failureaccess/1.0.2/failureaccess-1.0.2.jar:/Users/00131018amirulhakim/.m2/repository/com/google/guava/listenablefuture/9999.0-empty-to-avoid-conflict-with-guava/listenablefuture-9999.0-empty-to-avoid-conflict-with-guava.jar:/Users/00131018amirulhakim/.m2/repository/org/checkerframework/checker-qual/3.43.0/checker-qual-3.43.0.jar:/Users/00131018amirulhakim/.m2/repository/com/google/errorprone/error_prone_annotations/2.36.0/error_prone_annotations-2.36.0.jar:/Users/00131018amirulhakim/.m2/repository/com/google/j2objc/j2objc-annotations/3.0.0/j2objc-annotations-3.0.0.jar:/Users/00131018amirulhakim/.m2/repository/io/opentelemetry/semconv/opentelemetry-semconv/1.28.0-alpha/opentelemetry-semconv-1.28.0-alpha.jar:/Users/00131018amirulhakim/.m2/repository/io/opentelemetry/opentelemetry-api/1.46.0/opentelemetry-api-1.46.0.jar:/Users/00131018amirulhakim/.m2/repository/io/opentelemetry/opentelemetry-context/1.46.0/opentelemetry-context-1.46.0.jar:/Users/00131018amirulhakim/.m2/repository/io/opentelemetry/opentelemetry-exporter-logging/1.46.0/opentelemetry-exporter-logging-1.46.0.jar:/Users/00131018amirulhakim/.m2/repository/io/opentelemetry/opentelemetry-sdk-common/1.46.0/opentelemetry-sdk-common-1.46.0.jar:/Users/00131018amirulhakim/.m2/repository/io/opentelemetry/opentelemetry-sdk-extension-autoconfigure-spi/1.46.0/opentelemetry-sdk-extension-autoconfigure-spi-1.46.0.jar:/Users/00131018amirulhakim/.m2/repository/io/opentelemetry/opentelemetry-sdk-extension-autoconfigure/1.46.0/opentelemetry-sdk-extension-autoconfigure-1.46.0.jar:/Users/00131018amirulhakim/.m2/repository/io/opentelemetry/opentelemetry-api-incubator/1.46.0-alpha/opentelemetry-api-incubator-1.46.0-alpha.jar:/Users/00131018amirulhakim/.m2/repository/io/opentelemetry/opentelemetry-sdk-trace/1.46.0/opentelemetry-sdk-trace-1.46.0.jar:/Users/00131018amirulhakim/.m2/repository/io/opentelemetry/opentelemetry-sdk/1.46.0/opentelemetry-sdk-1.46.0.jar:/Users/00131018amirulhakim/.m2/repository/io/opentelemetry/opentelemetry-sdk-metrics/1.46.0/opentelemetry-sdk-metrics-1.46.0.jar:/Users/00131018amirulhakim/.m2/repository/io/opentelemetry/opentelemetry-sdk-logs/1.46.0/opentelemetry-sdk-logs-1.46.0.jar:/Users/00131018amirulhakim/.m2/repository/net/bytebuddy/byte-buddy/1.15.11/byte-buddy-1.15.11.jar:/Users/00131018amirulhakim/.m2/repository/org/seleniumhq/selenium/selenium-os/4.28.1/selenium-os-4.28.1.jar:/Users/00131018amirulhakim/.m2/repository/org/apache/commons/commons-exec/1.4.0/commons-exec-1.4.0.jar:/Users/00131018amirulhakim/.m2/repository/org/seleniumhq/selenium/selenium-safari-driver/4.28.1/selenium-safari-driver-4.28.1.jar:/Users/00131018amirulhakim/.m2/repository/org/seleniumhq/selenium/selenium-support/4.28.1/selenium-support-4.28.1.jar:/Users/00131018amirulhakim/.m2/repository/org/seleniumhq/selenium/selenium-chrome-driver/4.28.1/selenium-chrome-driver-4.28.1.jar:/Users/00131018amirulhakim/.m2/repository/com/google/auto/service/auto-service-annotations/1.1.1/auto-service-annotations-1.1.1.jar:/Users/00131018amirulhakim/.m2/repository/org/seleniumhq/selenium/selenium-chromium-driver/4.28.1/selenium-chromium-driver-4.28.1.jar:/Users/00131018amirulhakim/.m2/repository/org/seleniumhq/selenium/selenium-json/4.28.1/selenium-json-4.28.1.jar:/Users/00131018amirulhakim/.m2/repository/org/seleniumhq/selenium/selenium-manager/4.28.1/selenium-manager-4.28.1.jar:/Users/00131018amirulhakim/.m2/repository/io/github/bonigarcia/webdrivermanager/5.9.2/webdrivermanager-5.9.2.jar:/Users/00131018amirulhakim/.m2/repository/com/github/docker-java/docker-java/3.4.0/docker-java-3.4.0.jar:/Users/00131018amirulhakim/.m2/repository/com/github/docker-java/docker-java-core/3.4.0/docker-java-core-3.4.0.jar:/Users/00131018amirulhakim/.m2/repository/com/github/docker-java/docker-java-api/3.4.0/docker-java-api-3.4.0.jar:/Users/00131018amirulhakim/.m2/repository/com/fasterxml/jackson/core/jackson-annotations/2.10.3/jackson-annotations-2.10.3.jar:/Users/00131018amirulhakim/.m2/repository/com/fasterxml/jackson/core/jackson-databind/2.10.3/jackson-databind-2.10.3.jar:/Users/00131018amirulhakim/.m2/repository/com/fasterxml/jackson/core/jackson-core/2.10.3/jackson-core-2.10.3.jar:/Users/00131018amirulhakim/.m2/repository/org/slf4j/jcl-over-slf4j/1.7.30/jcl-over-slf4j-1.7.30.jar:/Users/00131018amirulhakim/.m2/repository/com/github/docker-java/docker-java-transport-httpclient5/3.4.0/docker-java-transport-httpclient5-3.4.0.jar:/Users/00131018amirulhakim/.m2/repository/com/github/docker-java/docker-java-transport/3.4.0/docker-java-transport-3.4.0.jar:/Users/00131018amirulhakim/.m2/repository/net/java/dev/jna/jna/5.13.0/jna-5.13.0.jar:/Users/00131018amirulhakim/.m2/repository/org/brotli/dec/0.1.2/dec-0.1.2.jar:/Users/00131018amirulhakim/.m2/repository/org/apache/commons/commons-lang3/3.15.0/commons-lang3-3.15.0.jar:/Users/00131018amirulhakim/.m2/repository/org/apache/httpcomponents/client5/httpclient5/5.2.1/httpclient5-5.2.1.jar:/Users/00131018amirulhakim/.m2/repository/org/apache/httpcomponents/core5/httpcore5/5.2/httpcore5-5.2.jar:/Users/00131018amirulhakim/.m2/repository/org/apache/httpcomponents/core5/httpcore5-h2/5.2/httpcore5-h2-5.2.jar:/Users/00131018amirulhakim/.m2/repository/org/slf4j/slf4j-api/2.1.0-alpha1/slf4j-api-2.1.0-alpha1.jar:/Users/00131018amirulhakim/.m2/repository/org/slf4j/slf4j-simple/2.1.0-alpha1/slf4j-simple-2.1.0-alpha1.jar:/Users/00131018amirulhakim/.m2/repository/org/testng/testng/7.11.0/testng-7.11.0.jar:/Users/00131018amirulhakim/.m2/repository/org/jcommander/jcommander/1.83/jcommander-1.83.jar:/Users/00131018amirulhakim/.m2/repository/org/webjars/jquery/3.7.1/jquery-3.7.1.jar:/Users/00131018amirulhakim/.m2/repository/io/appium/java-client/9.4.0/java-client-9.4.0.jar:/Users/00131018amirulhakim/.m2/repository/io/rest-assured/rest-assured/5.5.0/rest-assured-5.5.0.jar:/Users/00131018amirulhakim/.m2/repository/org/apache/groovy/groovy/4.0.22/groovy-4.0.22.jar:/Users/00131018amirulhakim/.m2/repository/org/apache/groovy/groovy-xml/4.0.22/groovy-xml-4.0.22.jar:/Users/00131018amirulhakim/.m2/repository/org/apache/httpcomponents/httpclient/4.5.13/httpclient-4.5.13.jar:/Users/00131018amirulhakim/.m2/repository/org/apache/httpcomponents/httpcore/4.4.13/httpcore-4.4.13.jar:/Users/00131018amirulhakim/.m2/repository/commons-logging/commons-logging/1.2/commons-logging-1.2.jar:/Users/00131018amirulhakim/.m2/repository/org/apache/httpcomponents/httpmime/4.5.13/httpmime-4.5.13.jar:/Users/00131018amirulhakim/.m2/repository/org/hamcrest/hamcrest/2.2/hamcrest-2.2.jar:/Users/00131018amirulhakim/.m2/repository/org/ccil/cowan/tagsoup/tagsoup/1.2.1/tagsoup-1.2.1.jar:/Users/00131018amirulhakim/.m2/repository/io/rest-assured/json-path/5.5.0/json-path-5.5.0.jar:/Users/00131018amirulhakim/.m2/repository/org/apache/groovy/groovy-json/4.0.22/groovy-json-4.0.22.jar:/Users/00131018amirulhakim/.m2/repository/io/rest-assured/rest-assured-common/5.5.0/rest-assured-common-5.5.0.jar:/Users/00131018amirulhakim/.m2/repository/io/rest-assured/xml-path/5.5.0/xml-path-5.5.0.jar:/Users/00131018amirulhakim/.m2/repository/com/googlecode/json-simple/json-simple/1.1.1/json-simple-1.1.1.jar:/Users/00131018amirulhakim/.m2/repository/org/reflections/reflections/0.10.2/reflections-0.10.2.jar:/Users/00131018amirulhakim/.m2/repository/org/javassist/javassist/3.28.0-GA/javassist-3.28.0-GA.jar:/Users/00131018amirulhakim/.m2/repository/com/google/code/findbugs/jsr305/3.0.2/jsr305-3.0.2.jar:"/>
    <property name="java.vm.vendor" value="Oracle Corporation"/>
    <property name="sun.arch.data.model" value="64"/>
    <property name="sun.font.fontmanager" value="sun.font.CFontManager"/>
    <property name="java.vendor.url" value="https://java.oracle.com/"/>
    <property name="user.timezone" value="Asia/Kuala_Lumpur"/>
    <property name="os.name" value="Mac OS X"/>
    <property name="java.vm.specification.version" value="15"/>
    <property name="sun.java.launcher" value="SUN_STANDARD"/>
    <property name="user.country" value="MY"/>
    <property name="sun.boot.library.path" value="/Library/Java/JavaVirtualMachines/jdk-15.0.2.jdk/Contents/Home/lib"/>
    <property name="sun.java.command" value="/Users/00131018amirulhakim/git/BDD-Framework/target/surefire/surefirebooter-20250214111007409_3.jar /Users/00131018amirulhakim/git/BDD-Framework/target/surefire 2025-02-14T11-10-07_050-jvmRun1 surefire-20250214111007409_1tmp surefire_0-20250214111007409_2tmp"/>
    <property name="http.nonProxyHosts" value="local|*.local|169.254/16|*.169.254/16"/>
    <property name="jdk.debug" value="release"/>
    <property name="surefire.test.class.path" value="/Users/00131018amirulhakim/git/BDD-Framework/target/test-classes:/Users/00131018amirulhakim/git/BDD-Framework/target/classes:/Users/00131018amirulhakim/.m2/repository/io/cucumber/cucumber-java/7.21.1/cucumber-java-7.21.1.jar:/Users/00131018amirulhakim/.m2/repository/org/apiguardian/apiguardian-api/1.1.2/apiguardian-api-1.1.2.jar:/Users/00131018amirulhakim/.m2/repository/io/cucumber/cucumber-junit/7.21.1/cucumber-junit-7.21.1.jar:/Users/00131018amirulhakim/.m2/repository/io/cucumber/cucumber-core/7.21.1/cucumber-core-7.21.1.jar:/Users/00131018amirulhakim/.m2/repository/io/cucumber/cucumber-gherkin-messages/7.21.1/cucumber-gherkin-messages-7.21.1.jar:/Users/00131018amirulhakim/.m2/repository/io/cucumber/messages/27.2.0/messages-27.2.0.jar:/Users/00131018amirulhakim/.m2/repository/io/cucumber/testng-xml-formatter/0.3.1/testng-xml-formatter-0.3.1.jar:/Users/00131018amirulhakim/.m2/repository/io/cucumber/query/13.2.0/query-13.2.0.jar:/Users/00131018amirulhakim/.m2/repository/io/cucumber/tag-expressions/6.1.2/tag-expressions-6.1.2.jar:/Users/00131018amirulhakim/.m2/repository/io/cucumber/cucumber-expressions/18.0.1/cucumber-expressions-18.0.1.jar:/Users/00131018amirulhakim/.m2/repository/io/cucumber/datatable/7.21.1/datatable-7.21.1.jar:/Users/00131018amirulhakim/.m2/repository/io/cucumber/docstring/7.21.1/docstring-7.21.1.jar:/Users/00131018amirulhakim/.m2/repository/io/cucumber/html-formatter/21.9.0/html-formatter-21.9.0.jar:/Users/00131018amirulhakim/.m2/repository/io/cucumber/junit-xml-formatter/0.7.1/junit-xml-formatter-0.7.1.jar:/Users/00131018amirulhakim/.m2/repository/io/cucumber/ci-environment/10.0.1/ci-environment-10.0.1.jar:/Users/00131018amirulhakim/.m2/repository/io/cucumber/cucumber-picocontainer/7.21.1/cucumber-picocontainer-7.21.1.jar:/Users/00131018amirulhakim/.m2/repository/org/picocontainer/picocontainer/2.15/picocontainer-2.15.jar:/Users/00131018amirulhakim/.m2/repository/io/cucumber/gherkin/31.0.0/gherkin-31.0.0.jar:/Users/00131018amirulhakim/.m2/repository/io/cucumber/cucumber-java8/7.21.1/cucumber-java8-7.21.1.jar:/Users/00131018amirulhakim/.m2/repository/net/jodah/typetools/0.6.3/typetools-0.6.3.jar:/Users/00131018amirulhakim/.m2/repository/io/cucumber/cucumber-testng/7.21.1/cucumber-testng-7.21.1.jar:/Users/00131018amirulhakim/.m2/repository/io/cucumber/cucumber-gherkin/7.21.1/cucumber-gherkin-7.21.1.jar:/Users/00131018amirulhakim/.m2/repository/io/cucumber/cucumber-plugin/7.21.1/cucumber-plugin-7.21.1.jar:/Users/00131018amirulhakim/.m2/repository/junit/junit/4.13.2/junit-4.13.2.jar:/Users/00131018amirulhakim/.m2/repository/org/hamcrest/hamcrest-core/1.3/hamcrest-core-1.3.jar:/Users/00131018amirulhakim/.m2/repository/tech/grasshopper/extentreports-cucumber7-adapter/1.14.0/extentreports-cucumber7-adapter-1.14.0.jar:/Users/00131018amirulhakim/.m2/repository/tech/grasshopper/extent-pdf-report/2.12.0/extent-pdf-report-2.12.0.jar:/Users/00131018amirulhakim/.m2/repository/tech/grasshopper/cucumber-pdf-report/2.14.0/cucumber-pdf-report-2.14.0.jar:/Users/00131018amirulhakim/.m2/repository/org/apache/pdfbox/pdfbox/2.0.26/pdfbox-2.0.26.jar:/Users/00131018amirulhakim/.m2/repository/org/apache/pdfbox/fontbox/2.0.26/fontbox-2.0.26.jar:/Users/00131018amirulhakim/.m2/repository/org/knowm/xchart/xchart/3.8.0/xchart-3.8.0.jar:/Users/00131018amirulhakim/.m2/repository/de/erichseifert/vectorgraphics2d/VectorGraphics2D/0.13/VectorGraphics2D-0.13.jar:/Users/00131018amirulhakim/.m2/repository/de/rototor/pdfbox/graphics2d/0.30/graphics2d-0.30.jar:/Users/00131018amirulhakim/.m2/repository/com/madgag/animated-gif-lib/1.4/animated-gif-lib-1.4.jar:/Users/00131018amirulhakim/.m2/repository/org/yaml/snakeyaml/2.0/snakeyaml-2.0.jar:/Users/00131018amirulhakim/.m2/repository/tech/grasshopper/table-layout/1.5.1/table-layout-1.5.1.jar:/Users/00131018amirulhakim/.m2/repository/tech/grasshopper/rest-assured-cucumber-pdf-report/1.5.0/rest-assured-cucumber-pdf-report-1.5.0.jar:/Users/00131018amirulhakim/.m2/repository/org/jsoup/jsoup/1.15.3/jsoup-1.15.3.jar:/Users/00131018amirulhakim/.m2/repository/com/aventstack/klov-reporter/5.1.0/klov-reporter-5.1.0.jar:/Users/00131018amirulhakim/.m2/repository/org/mongodb/mongodb-driver/3.6.4/mongodb-driver-3.6.4.jar:/Users/00131018amirulhakim/.m2/repository/org/mongodb/mongodb-driver-core/3.6.4/mongodb-driver-core-3.6.4.jar:/Users/00131018amirulhakim/.m2/repository/org/mongodb/bson/3.6.4/bson-3.6.4.jar:/Users/00131018amirulhakim/.m2/repository/tech/grasshopper/htmlextentreporter/1.1.0/htmlextentreporter-1.1.0.jar:/Users/00131018amirulhakim/.m2/repository/tech/grasshopper/extent-excel-report/1.4.0/extent-excel-report-1.4.0.jar:/Users/00131018amirulhakim/.m2/repository/com/aventstack/extentreports/5.1.2/extentreports-5.1.2.jar:/Users/00131018amirulhakim/.m2/repository/io/reactivex/rxjava3/rxjava/3.1.6/rxjava-3.1.6.jar:/Users/00131018amirulhakim/.m2/repository/org/reactivestreams/reactive-streams/1.0.4/reactive-streams-1.0.4.jar:/Users/00131018amirulhakim/.m2/repository/org/freemarker/freemarker/2.3.32/freemarker-2.3.32.jar:/Users/00131018amirulhakim/.m2/repository/org/projectlombok/lombok/1.18.26/lombok-1.18.26.jar:/Users/00131018amirulhakim/.m2/repository/com/google/code/gson/gson/2.10.1/gson-2.10.1.jar:/Users/00131018amirulhakim/.m2/repository/org/apache/poi/poi-ooxml/5.4.0/poi-ooxml-5.4.0.jar:/Users/00131018amirulhakim/.m2/repository/org/apache/poi/poi/5.4.0/poi-5.4.0.jar:/Users/00131018amirulhakim/.m2/repository/commons-codec/commons-codec/1.17.1/commons-codec-1.17.1.jar:/Users/00131018amirulhakim/.m2/repository/org/apache/commons/commons-math3/3.6.1/commons-math3-3.6.1.jar:/Users/00131018amirulhakim/.m2/repository/com/zaxxer/SparseBitSet/1.3/SparseBitSet-1.3.jar:/Users/00131018amirulhakim/.m2/repository/org/apache/poi/poi-ooxml-lite/5.4.0/poi-ooxml-lite-5.4.0.jar:/Users/00131018amirulhakim/.m2/repository/org/apache/xmlbeans/xmlbeans/5.3.0/xmlbeans-5.3.0.jar:/Users/00131018amirulhakim/.m2/repository/org/apache/commons/commons-compress/1.27.1/commons-compress-1.27.1.jar:/Users/00131018amirulhakim/.m2/repository/commons-io/commons-io/2.18.0/commons-io-2.18.0.jar:/Users/00131018amirulhakim/.m2/repository/com/github/virtuald/curvesapi/1.08/curvesapi-1.08.jar:/Users/00131018amirulhakim/.m2/repository/org/apache/logging/log4j/log4j-api/2.24.3/log4j-api-2.24.3.jar:/Users/00131018amirulhakim/.m2/repository/org/apache/commons/commons-collections4/4.4/commons-collections4-4.4.jar:/Users/00131018amirulhakim/.m2/repository/org/seleniumhq/selenium/selenium-java/4.28.1/selenium-java-4.28.1.jar:/Users/00131018amirulhakim/.m2/repository/org/seleniumhq/selenium/selenium-api/4.28.1/selenium-api-4.28.1.jar:/Users/00131018amirulhakim/.m2/repository/org/jspecify/jspecify/1.0.0/jspecify-1.0.0.jar:/Users/00131018amirulhakim/.m2/repository/org/seleniumhq/selenium/selenium-devtools-v130/4.28.1/selenium-devtools-v130-4.28.1.jar:/Users/00131018amirulhakim/.m2/repository/org/seleniumhq/selenium/selenium-devtools-v131/4.28.1/selenium-devtools-v131-4.28.1.jar:/Users/00131018amirulhakim/.m2/repository/org/seleniumhq/selenium/selenium-devtools-v132/4.28.1/selenium-devtools-v132-4.28.1.jar:/Users/00131018amirulhakim/.m2/repository/org/seleniumhq/selenium/selenium-devtools-v85/4.28.1/selenium-devtools-v85-4.28.1.jar:/Users/00131018amirulhakim/.m2/repository/org/seleniumhq/selenium/selenium-edge-driver/4.28.1/selenium-edge-driver-4.28.1.jar:/Users/00131018amirulhakim/.m2/repository/org/seleniumhq/selenium/selenium-firefox-driver/4.28.1/selenium-firefox-driver-4.28.1.jar:/Users/00131018amirulhakim/.m2/repository/org/seleniumhq/selenium/selenium-http/4.28.1/selenium-http-4.28.1.jar:/Users/00131018amirulhakim/.m2/repository/org/seleniumhq/selenium/selenium-ie-driver/4.28.1/selenium-ie-driver-4.28.1.jar:/Users/00131018amirulhakim/.m2/repository/org/seleniumhq/selenium/selenium-remote-driver/4.28.1/selenium-remote-driver-4.28.1.jar:/Users/00131018amirulhakim/.m2/repository/com/google/guava/guava/33.4.0-jre/guava-33.4.0-jre.jar:/Users/00131018amirulhakim/.m2/repository/com/google/guava/failureaccess/1.0.2/failureaccess-1.0.2.jar:/Users/00131018amirulhakim/.m2/repository/com/google/guava/listenablefuture/9999.0-empty-to-avoid-conflict-with-guava/listenablefuture-9999.0-empty-to-avoid-conflict-with-guava.jar:/Users/00131018amirulhakim/.m2/repository/org/checkerframework/checker-qual/3.43.0/checker-qual-3.43.0.jar:/Users/00131018amirulhakim/.m2/repository/com/google/errorprone/error_prone_annotations/2.36.0/error_prone_annotations-2.36.0.jar:/Users/00131018amirulhakim/.m2/repository/com/google/j2objc/j2objc-annotations/3.0.0/j2objc-annotations-3.0.0.jar:/Users/00131018amirulhakim/.m2/repository/io/opentelemetry/semconv/opentelemetry-semconv/1.28.0-alpha/opentelemetry-semconv-1.28.0-alpha.jar:/Users/00131018amirulhakim/.m2/repository/io/opentelemetry/opentelemetry-api/1.46.0/opentelemetry-api-1.46.0.jar:/Users/00131018amirulhakim/.m2/repository/io/opentelemetry/opentelemetry-context/1.46.0/opentelemetry-context-1.46.0.jar:/Users/00131018amirulhakim/.m2/repository/io/opentelemetry/opentelemetry-exporter-logging/1.46.0/opentelemetry-exporter-logging-1.46.0.jar:/Users/00131018amirulhakim/.m2/repository/io/opentelemetry/opentelemetry-sdk-common/1.46.0/opentelemetry-sdk-common-1.46.0.jar:/Users/00131018amirulhakim/.m2/repository/io/opentelemetry/opentelemetry-sdk-extension-autoconfigure-spi/1.46.0/opentelemetry-sdk-extension-autoconfigure-spi-1.46.0.jar:/Users/00131018amirulhakim/.m2/repository/io/opentelemetry/opentelemetry-sdk-extension-autoconfigure/1.46.0/opentelemetry-sdk-extension-autoconfigure-1.46.0.jar:/Users/00131018amirulhakim/.m2/repository/io/opentelemetry/opentelemetry-api-incubator/1.46.0-alpha/opentelemetry-api-incubator-1.46.0-alpha.jar:/Users/00131018amirulhakim/.m2/repository/io/opentelemetry/opentelemetry-sdk-trace/1.46.0/opentelemetry-sdk-trace-1.46.0.jar:/Users/00131018amirulhakim/.m2/repository/io/opentelemetry/opentelemetry-sdk/1.46.0/opentelemetry-sdk-1.46.0.jar:/Users/00131018amirulhakim/.m2/repository/io/opentelemetry/opentelemetry-sdk-metrics/1.46.0/opentelemetry-sdk-metrics-1.46.0.jar:/Users/00131018amirulhakim/.m2/repository/io/opentelemetry/opentelemetry-sdk-logs/1.46.0/opentelemetry-sdk-logs-1.46.0.jar:/Users/00131018amirulhakim/.m2/repository/net/bytebuddy/byte-buddy/1.15.11/byte-buddy-1.15.11.jar:/Users/00131018amirulhakim/.m2/repository/org/seleniumhq/selenium/selenium-os/4.28.1/selenium-os-4.28.1.jar:/Users/00131018amirulhakim/.m2/repository/org/apache/commons/commons-exec/1.4.0/commons-exec-1.4.0.jar:/Users/00131018amirulhakim/.m2/repository/org/seleniumhq/selenium/selenium-safari-driver/4.28.1/selenium-safari-driver-4.28.1.jar:/Users/00131018amirulhakim/.m2/repository/org/seleniumhq/selenium/selenium-support/4.28.1/selenium-support-4.28.1.jar:/Users/00131018amirulhakim/.m2/repository/org/seleniumhq/selenium/selenium-chrome-driver/4.28.1/selenium-chrome-driver-4.28.1.jar:/Users/00131018amirulhakim/.m2/repository/com/google/auto/service/auto-service-annotations/1.1.1/auto-service-annotations-1.1.1.jar:/Users/00131018amirulhakim/.m2/repository/org/seleniumhq/selenium/selenium-chromium-driver/4.28.1/selenium-chromium-driver-4.28.1.jar:/Users/00131018amirulhakim/.m2/repository/org/seleniumhq/selenium/selenium-json/4.28.1/selenium-json-4.28.1.jar:/Users/00131018amirulhakim/.m2/repository/org/seleniumhq/selenium/selenium-manager/4.28.1/selenium-manager-4.28.1.jar:/Users/00131018amirulhakim/.m2/repository/io/github/bonigarcia/webdrivermanager/5.9.2/webdrivermanager-5.9.2.jar:/Users/00131018amirulhakim/.m2/repository/com/github/docker-java/docker-java/3.4.0/docker-java-3.4.0.jar:/Users/00131018amirulhakim/.m2/repository/com/github/docker-java/docker-java-core/3.4.0/docker-java-core-3.4.0.jar:/Users/00131018amirulhakim/.m2/repository/com/github/docker-java/docker-java-api/3.4.0/docker-java-api-3.4.0.jar:/Users/00131018amirulhakim/.m2/repository/com/fasterxml/jackson/core/jackson-annotations/2.10.3/jackson-annotations-2.10.3.jar:/Users/00131018amirulhakim/.m2/repository/com/fasterxml/jackson/core/jackson-databind/2.10.3/jackson-databind-2.10.3.jar:/Users/00131018amirulhakim/.m2/repository/com/fasterxml/jackson/core/jackson-core/2.10.3/jackson-core-2.10.3.jar:/Users/00131018amirulhakim/.m2/repository/org/slf4j/jcl-over-slf4j/1.7.30/jcl-over-slf4j-1.7.30.jar:/Users/00131018amirulhakim/.m2/repository/com/github/docker-java/docker-java-transport-httpclient5/3.4.0/docker-java-transport-httpclient5-3.4.0.jar:/Users/00131018amirulhakim/.m2/repository/com/github/docker-java/docker-java-transport/3.4.0/docker-java-transport-3.4.0.jar:/Users/00131018amirulhakim/.m2/repository/net/java/dev/jna/jna/5.13.0/jna-5.13.0.jar:/Users/00131018amirulhakim/.m2/repository/org/brotli/dec/0.1.2/dec-0.1.2.jar:/Users/00131018amirulhakim/.m2/repository/org/apache/commons/commons-lang3/3.15.0/commons-lang3-3.15.0.jar:/Users/00131018amirulhakim/.m2/repository/org/apache/httpcomponents/client5/httpclient5/5.2.1/httpclient5-5.2.1.jar:/Users/00131018amirulhakim/.m2/repository/org/apache/httpcomponents/core5/httpcore5/5.2/httpcore5-5.2.jar:/Users/00131018amirulhakim/.m2/repository/org/apache/httpcomponents/core5/httpcore5-h2/5.2/httpcore5-h2-5.2.jar:/Users/00131018amirulhakim/.m2/repository/org/slf4j/slf4j-api/2.1.0-alpha1/slf4j-api-2.1.0-alpha1.jar:/Users/00131018amirulhakim/.m2/repository/org/slf4j/slf4j-simple/2.1.0-alpha1/slf4j-simple-2.1.0-alpha1.jar:/Users/00131018amirulhakim/.m2/repository/org/testng/testng/7.11.0/testng-7.11.0.jar:/Users/00131018amirulhakim/.m2/repository/org/jcommander/jcommander/1.83/jcommander-1.83.jar:/Users/00131018amirulhakim/.m2/repository/org/webjars/jquery/3.7.1/jquery-3.7.1.jar:/Users/00131018amirulhakim/.m2/repository/io/appium/java-client/9.4.0/java-client-9.4.0.jar:/Users/00131018amirulhakim/.m2/repository/io/rest-assured/rest-assured/5.5.0/rest-assured-5.5.0.jar:/Users/00131018amirulhakim/.m2/repository/org/apache/groovy/groovy/4.0.22/groovy-4.0.22.jar:/Users/00131018amirulhakim/.m2/repository/org/apache/groovy/groovy-xml/4.0.22/groovy-xml-4.0.22.jar:/Users/00131018amirulhakim/.m2/repository/org/apache/httpcomponents/httpclient/4.5.13/httpclient-4.5.13.jar:/Users/00131018amirulhakim/.m2/repository/org/apache/httpcomponents/httpcore/4.4.13/httpcore-4.4.13.jar:/Users/00131018amirulhakim/.m2/repository/commons-logging/commons-logging/1.2/commons-logging-1.2.jar:/Users/00131018amirulhakim/.m2/repository/org/apache/httpcomponents/httpmime/4.5.13/httpmime-4.5.13.jar:/Users/00131018amirulhakim/.m2/repository/org/hamcrest/hamcrest/2.2/hamcrest-2.2.jar:/Users/00131018amirulhakim/.m2/repository/org/ccil/cowan/tagsoup/tagsoup/1.2.1/tagsoup-1.2.1.jar:/Users/00131018amirulhakim/.m2/repository/io/rest-assured/json-path/5.5.0/json-path-5.5.0.jar:/Users/00131018amirulhakim/.m2/repository/org/apache/groovy/groovy-json/4.0.22/groovy-json-4.0.22.jar:/Users/00131018amirulhakim/.m2/repository/io/rest-assured/rest-assured-common/5.5.0/rest-assured-common-5.5.0.jar:/Users/00131018amirulhakim/.m2/repository/io/rest-assured/xml-path/5.5.0/xml-path-5.5.0.jar:/Users/00131018amirulhakim/.m2/repository/com/googlecode/json-simple/json-simple/1.1.1/json-simple-1.1.1.jar:/Users/00131018amirulhakim/.m2/repository/org/reflections/reflections/0.10.2/reflections-0.10.2.jar:/Users/00131018amirulhakim/.m2/repository/org/javassist/javassist/3.28.0-GA/javassist-3.28.0-GA.jar:/Users/00131018amirulhakim/.m2/repository/com/google/code/findbugs/jsr305/3.0.2/jsr305-3.0.2.jar:"/>
    <property name="sun.cpu.endian" value="little"/>
    <property name="user.home" value="/Users/00131018amirulhakim"/>
    <property name="user.language" value="en"/>
    <property name="java.specification.vendor" value="Oracle Corporation"/>
    <property name="java.version.date" value="2021-01-19"/>
    <property name="java.home" value="/Library/Java/JavaVirtualMachines/jdk-15.0.2.jdk/Contents/Home"/>
    <property name="file.separator" value="/"/>
    <property name="basedir" value="/Users/00131018amirulhakim/git/BDD-Framework"/>
    <property name="java.vm.compressedOopsMode" value="Zero based"/>
    <property name="line.separator" value="&#10;"/>
    <property name="java.vm.specification.vendor" value="Oracle Corporation"/>
    <property name="java.specification.name" value="Java Platform API Specification"/>
    <property name="surefire.real.class.path" value="/Users/00131018amirulhakim/git/BDD-Framework/target/surefire/surefirebooter-20250214111007409_3.jar"/>
    <property name="sun.management.compiler" value="HotSpot 64-Bit Tiered Compilers"/>
    <property name="ftp.nonProxyHosts" value="local|*.local|169.254/16|*.169.254/16"/>
    <property name="cucumber.plugin" value="workDirectory.stepDefinitions.common.StepListener"/>
    <property name="java.runtime.version" value="15.0.2+7-27"/>
    <property name="user.name" value="00131018amirulhakim"/>
    <property name="path.separator" value=":"/>
    <property name="os.version" value="10.16"/>
    <property name="java.runtime.name" value="Java(TM) SE Runtime Environment"/>
    <property name="file.encoding" value="UTF-8"/>
    <property name="java.vm.name" value="Java HotSpot(TM) 64-Bit Server VM"/>
    <property name="localRepository" value="/Users/00131018amirulhakim/.m2/repository"/>
    <property name="java.vendor.url.bug" value="https://bugreport.java.com/bugreport/"/>
    <property name="java.io.tmpdir" value="/var/folders/nt/d7wk43dj5md0gk4y6_3xw01h0000gn/T/"/>
    <property name="java.version" value="15.0.2"/>
    <property name="user.dir" value="/Users/00131018amirulhakim/git/BDD-Framework"/>
    <property name="os.arch" value="x86_64"/>
    <property name="java.vm.specification.name" value="Java Virtual Machine Specification"/>
    <property name="java.library.path" value="/Users/00131018amirulhakim/Library/Java/Extensions:/Library/Java/Extensions:/Network/Library/Java/Extensions:/System/Library/Java/Extensions:/usr/lib/java:."/>
    <property name="java.vm.info" value="mixed mode, sharing"/>
    <property name="java.vendor" value="Oracle Corporation"/>
    <property name="java.vm.version" value="15.0.2+7-27"/>
    <property name="sun.io.unicode.encoding" value="UnicodeBig"/>
    <property name="socksNonProxyHosts" value="local|*.local|169.254/16|*.169.254/16"/>
    <property name="java.class.version" value="59.0"/>
  </properties>
  <testcase name="runScenario[&quot;Print Device Driver 2&quot;, &quot;Using IOS 1&quot;](1)" classname="builds.main.CucumberRun$TestRunner" time="0.572">
    <system-out><![CDATA[⚠️ Unknown Step Type: HookTestStep
⚠️ Unknown Step Type: HookTestStep
⚠️ Unknown Step Type: HookTestStep
⚠️ Unknown Step Type: HookTestStep
✅ Executing Step: print driver instance ID
✅ Executing Step: print driver instance ID
✅ Executing Step: print driver instance ID
✅ Executing Step: print driver instance ID
0
0
0
0
⚠️ Unknown Step Type: HookTestStep
⚠️ Unknown Step Type: HookTestStep
⚠️ Unknown Step Type: HookTestStep
⚠️ Unknown Step Type: HookTestStep
⚠️ Unknown Step Type: HookTestStep
⚠️ Unknown Step Type: HookTestStep
⚠️ Unknown Step Type: HookTestStep
⚠️ Unknown Step Type: HookTestStep
✅ Executing Step: if 2 bigger than 3
✅ Executing Step: if 2 bigger than 3
✅ Executing Step: if 2 bigger than 3
✅ Executing Step: if 2 bigger than 3
⚠️ Unknown Step Type: HookTestStep
⚠️ Unknown Step Type: HookTestStep
⚠️ Unknown Step Type: HookTestStep
⚠️ Unknown Step Type: HookTestStep
⚠️ Unknown Step Type: HookTestStep
⚠️ Unknown Step Type: HookTestStep
⚠️ Unknown Step Type: HookTestStep
⚠️ Unknown Step Type: HookTestStep
Skipping step: ifObjectBiggerThanObject
Skipping step: ifObjectBiggerThanObject
Skipping step: ifObjectBiggerThanObject
Skipping step: ifObjectBiggerThanObject
✅ Executing Step: print driver instance ID
✅ Executing Step: print driver instance ID
1
1
✅ Executing Step: print driver instance ID
1
✅ Executing Step: print driver instance ID
1
⚠️ Unknown Step Type: HookTestStep
⚠️ Unknown Step Type: HookTestStep
⚠️ Unknown Step Type: HookTestStep
⚠️ Unknown Step Type: HookTestStep
⚠️ Unknown Step Type: HookTestStep
Skipping step: ifObjectBiggerThanObject
⚠️ Unknown Step Type: HookTestStep
⚠️ Unknown Step Type: HookTestStep
✅ Executing Step: print driver instance ID
Skipping step: ifObjectBiggerThanObject
2
Skipping step: ifObjectBiggerThanObject
⚠️ Unknown Step Type: HookTestStep
⚠️ Unknown Step Type: HookTestStep
Skipping step: ifObjectBiggerThanObject
⚠️ Unknown Step Type: HookTestStep
✅ Executing Step: print driver instance ID
✅ Executing Step: print driver instance ID
Skipping step: ifObjectBiggerThanObject
2
2
✅ Executing Step: print driver instance ID
2
⚠️ Unknown Step Type: HookTestStep
⚠️ Unknown Step Type: HookTestStep
⚠️ Unknown Step Type: HookTestStep
✅ Executing Step: print driver instance ID
⚠️ Unknown Step Type: HookTestStep
⚠️ Unknown Step Type: HookTestStep
3
Skipping step: ifObjectBiggerThanObject
Skipping step: ifObjectBiggerThanObject
⚠️ Unknown Step Type: HookTestStep
✅ Executing Step: print driver instance ID
✅ Executing Step: print driver instance ID
⚠️ Unknown Step Type: HookTestStep
3
Skipping step: ifObjectBiggerThanObject
3
⚠️ Unknown Step Type: HookTestStep
Skipping step: ifObjectBiggerThanObject
⚠️ Unknown Step Type: HookTestStep
⚠️ Unknown Step Type: HookTestStep
✅ Executing Step: print driver instance ID
3
✅ Executing Step: end statement
end if: 0
⚠️ Unknown Step Type: HookTestStep
Skipping step: ifObjectBiggerThanObject
⚠️ Unknown Step Type: HookTestStep
⚠️ Unknown Step Type: HookTestStep
Skipping step: ifObjectBiggerThanObject
⚠️ Unknown Step Type: HookTestStep
✅ Executing Step: end statement
✅ Executing Step: end statement
end if: 0
Skipping step: ifObjectBiggerThanObject
end if: 0
⚠️ Unknown Step Type: HookTestStep
⚠️ Unknown Step Type: HookTestStep
⚠️ Unknown Step Type: HookTestStep
✅ Executing Step: end statement
end if: 0
⚠️ Unknown Step Type: HookTestStep
⚠️ Unknown Step Type: HookTestStep
⚠️ Unknown Step Type: HookTestStep
⚠️ Unknown Step Type: HookTestStep
⚠️ Unknown Step Type: HookTestStep
✅ Executing Step: print driver instance ID
4
✅ Executing Step: print driver instance ID
⚠️ Unknown Step Type: HookTestStep
4
✅ Executing Step: print driver instance ID
4
✅ Executing Step: print driver instance ID
⚠️ Unknown Step Type: HookTestStep
⚠️ Unknown Step Type: HookTestStep
4
⚠️ Unknown Step Type: HookTestStep
]]></system-out>
    <system-err><![CDATA[SLF4J(I): Connected with provider of type [org.slf4j.simple.SimpleServiceProvider]
]]></system-err>
  </testcase>
  <testcase name="runScenario[&quot;Print Device Driver 2&quot;, &quot;Using IOS 1&quot;](1)" classname="builds.main.CucumberRun$TestRunner" time="0.576"/>
  <testcase name="runScenario[&quot;Print Device Driver 2&quot;, &quot;Using IOS 1&quot;](1)" classname="builds.main.CucumberRun$TestRunner" time="0.577"/>
  <testcase name="runScenario[&quot;Print Device Driver 2&quot;, &quot;Using IOS 1&quot;](1)" classname="builds.main.CucumberRun$TestRunner" time="0.577"/>
</testsuite>