<?xml version="1.0" encoding="UTF-8"?>
<!-- Generated by org.testng.reporters.JUnitReportReporter -->
<testsuite hostname="00131018s-MacBook-Pro.local" failures="0" tests="4" name="builds.main.CucumberRun$TestRunner" time="2.175" errors="0" timestamp="2025-02-14T11:10:11 MYT" skipped="0">
  <testcase classname="builds.main.CucumberRun$TestRunner" name="runScenario" time="0.544"/>
  <testcase classname="builds.main.CucumberRun$TestRunner" name="runScenario" time="0.544"/>
  <testcase classname="builds.main.CucumberRun$TestRunner" name="runScenario" time="0.543"/>
  <testcase classname="builds.main.CucumberRun$TestRunner" name="runScenario" time="0.544"/>
</testsuite> <!-- builds.main.CucumberRun$TestRunner -->
